02-04-2023 11:22:51 - user_interface - INFO - menu - Start program
02-04-2023 11:24:47 - user_interface - INFO - menu - Start program
02-04-2023 11:26:48 - user_interface - INFO - menu - Start program
02-04-2023 11:27:00 - user_interface - INFO - menu - Stop program
02-04-2023 11:49:40 - user_interface - INFO - menu - Start program
02-04-2023 11:59:43 - user_interface - INFO - menu - Start program
02-04-2023 12:03:38 - user_interface - INFO - menu - Start program
02-04-2023 12:04:42 - user_interface - ERROR - menu - Error: wrong main menu selection
02-04-2023 12:04:46 - user_interface - ERROR - menu - Error: wrong main menu selection
02-04-2023 12:04:50 - user_interface - ERROR - menu - Error: wrong main menu selection
02-04-2023 12:06:11 - user_interface - ERROR - menu - Error: incorrect id entered.
02-04-2023 12:06:19 - user_interface - ERROR - menu - Error: incorrect id entered.
02-04-2023 12:06:25 - user_interface - ERROR - menu - Error: wrong submenu selection
02-04-2023 12:06:56 - user_interface - INFO - menu - Stop program
02-04-2023 12:07:34 - user_interface - INFO - menu - Start program
02-04-2023 12:10:54 - user_interface - ERROR - menu - Error: wrong main menu selection
02-04-2023 12:11:22 - user_interface - ERROR - menu - Error: wrong main menu selection
02-04-2023 12:13:27 - user_interface - ERROR - menu - Error: wrong main menu selection
02-04-2023 12:16:46 - user_interface - ERROR - menu - Error: wrong main menu selection
02-04-2023 12:18:16 - user_interface - ERROR - menu - Error: wrong main menu selection
02-04-2023 12:19:54 - user_interface - ERROR - menu - Error: wrong main menu selection
02-04-2023 12:20:38 - user_interface - INFO - menu - Start program
02-04-2023 12:21:21 - user_interface - INFO - menu - Start program
02-04-2023 12:24:04 - user_interface - ERROR - menu - Error: wrong main menu selection
02-04-2023 12:24:07 - user_interface - INFO - menu - Stop program
02-04-2023 12:27:55 - user_interface - INFO - menu - Start program
02-04-2023 12:28:00 - user_interface - ERROR - menu - Error: wrong main menu selection
02-04-2023 12:28:02 - user_interface - ERROR - menu - Error: wrong main menu selection
02-04-2023 12:28:02 - user_interface - ERROR - menu - Error: wrong main menu selection
02-04-2023 12:28:03 - user_interface - ERROR - menu - Error: wrong main menu selection
02-04-2023 12:28:04 - user_interface - ERROR - menu - Error: wrong main menu selection
02-04-2023 12:28:25 - user_interface - INFO - menu - Start program
02-04-2023 12:29:33 - user_interface - INFO - menu - Stop program
